\BOOKMARK [0][-]{chapter.1}{An Introduction to C++}{}% 1
\BOOKMARK [1][-]{section.1.1}{Why C++?}{chapter.1}% 2
\BOOKMARK [1][-]{section.1.2}{Some HiSTORY}{chapter.1}% 3
\BOOKMARK [2][-]{subsection.1.2.1}{Assembly}{section.1.2}% 4
\BOOKMARK [2][-]{subsection.1.2.2}{The B Programming Language}{section.1.2}% 5
\BOOKMARK [2][-]{subsection.1.2.3}{The C Programming Language}{section.1.2}% 6
\BOOKMARK [2][-]{subsection.1.2.4}{The C++ Programming Language}{section.1.2}% 7
\BOOKMARK [2][-]{subsection.1.2.5}{The people we talked about}{section.1.2}% 8
\BOOKMARK [1][-]{section.1.3}{Setting Things Up}{chapter.1}% 9
\BOOKMARK [2][-]{subsection.1.3.1}{Installing Visual Studio}{section.1.3}% 10
\BOOKMARK [2][-]{subsection.1.3.2}{\(Optional\) Dark Theme}{section.1.3}% 11
\BOOKMARK [1][-]{section.1.4}{Hello World!}{chapter.1}% 12
\BOOKMARK [1][-]{section.1.5}{Dissecting Hello World!}{chapter.1}% 13
\BOOKMARK [0][-]{chapter.2}{An Overview of Computer Science}{}% 14
\BOOKMARK [1][-]{section.2.1}{What is a computer anyway?}{chapter.2}% 15
\BOOKMARK [2][-]{subsection.2.1.1}{The Turing Machine}{section.2.1}% 16
\BOOKMARK [2][-]{subsection.2.1.2}{Things we already know}{section.2.1}% 17
\BOOKMARK [1][-]{section.2.2}{Types of Knowledge}{chapter.2}% 18
\BOOKMARK [1][-]{section.2.3}{Things to Keep in Mind}{chapter.2}% 19
\BOOKMARK [0][-]{chapter.3}{Talking About Algorithms}{}% 20
\BOOKMARK [1][-]{section.3.1}{Motivation}{chapter.3}% 21
\BOOKMARK [1][-]{section.3.2}{What is an Algorithm?}{chapter.3}% 22
\BOOKMARK [0][-]{chapter.4}{Boolean Algebra}{}% 23
\BOOKMARK [1][-]{section.4.1}{Some Background}{chapter.4}% 24
\BOOKMARK [1][-]{section.4.2}{Variables}{chapter.4}% 25
\BOOKMARK [1][-]{section.4.3}{A simple warm-up}{chapter.4}% 26
\BOOKMARK [1][-]{section.4.4}{Gates}{chapter.4}% 27
\BOOKMARK [2][-]{subsection.4.4.1}{The AND gate}{section.4.4}% 28
\BOOKMARK [2][-]{subsection.4.4.2}{The OR Gate}{section.4.4}% 29
\BOOKMARK [2][-]{subsection.4.4.3}{The XOR Gate}{section.4.4}% 30
\BOOKMARK [2][-]{subsection.4.4.4}{The NOT gate}{section.4.4}% 31
\BOOKMARK [1][-]{section.4.5}{Boolean Identities}{chapter.4}% 32
\BOOKMARK [1][-]{section.4.6}{Boolean Algebra and Set Theory}{chapter.4}% 33
\BOOKMARK [0][-]{chapter.5}{C++ From Scratch}{}% 34
\BOOKMARK [1][-]{section.5.1}{The language}{chapter.5}% 35
\BOOKMARK [1][-]{section.5.2}{The Minimal Program}{chapter.5}% 36
\BOOKMARK [1][-]{section.5.3}{Console Output}{chapter.5}% 37
\BOOKMARK [1][-]{section.5.4}{Comments}{chapter.5}% 38
\BOOKMARK [2][-]{subsection.5.4.1}{Single-line comments}{section.5.4}% 39
\BOOKMARK [2][-]{subsection.5.4.2}{Multi-line comments}{section.5.4}% 40
\BOOKMARK [1][-]{section.5.5}{Variables}{chapter.5}% 41
\BOOKMARK [2][-]{subsection.5.5.1}{A Useful Analogy}{section.5.5}% 42
\BOOKMARK [2][-]{subsection.5.5.2}{Declaring Variables}{section.5.5}% 43
\BOOKMARK [1][-]{section.5.6}{Operators and Operands}{chapter.5}% 44
\BOOKMARK [2][-]{subsection.5.6.1}{The assignment operator}{section.5.6}% 45
\BOOKMARK [2][-]{subsection.5.6.2}{The arithmetic operators}{section.5.6}% 46
\BOOKMARK [2][-]{subsection.5.6.3}{Boolean Operators}{section.5.6}% 47
\BOOKMARK [2][-]{subsection.5.6.4}{Comparison Operators}{section.5.6}% 48
\BOOKMARK [2][-]{subsection.5.6.5}{Other operators}{section.5.6}% 49
\BOOKMARK [2][-]{subsection.5.6.6}{End Note on Operators}{section.5.6}% 50
